21:32:03 INFO  : Registering command handlers for SDK TCF services
21:32:03 INFO  : Launching XSCT server: xsct.bat -interactive D:\FPGA_TUTORIALS\Image_Display_VGA\Image_Display_HDMI.sdk\temp_xsdb_launch_script.tcl
21:32:08 INFO  : XSCT server has started successfully.
21:32:08 INFO  : Successfully done setting XSCT server connection channel  
21:32:09 INFO  : Processing command line option -hwspec D:/FPGA_TUTORIALS/Image_Display_VGA/Image_Display_HDMI.sdk/design_1_wrapper.hdf.
21:32:09 INFO  : Successfully done setting SDK workspace  
21:34:15 INFO  : Connected to target on host '127.0.0.1' and port '3121'.
21:34:15 INFO  : Jtag cable 'Digilent Zybo 210279784792A' is selected.
21:34:15 INFO  : 'jtag frequency' command is executed.
21:34:15 INFO  : Sourcing of 'D:/FPGA_TUTORIALS/Image_Display_VGA/Image_Display_HDMI.sdk/design_1_wrapper_hw_platform_0/ps7_init.tcl' is done.
21:34:15 INFO  : Context for 'APU' is selected.
21:34:15 INFO  : System reset is completed.
21:34:18 INFO  : 'after 3000' command is executed.
21:34:19 INFO  : 'targets -set -filter {jtag_cable_name =~ "Digilent Zybo 210279784792A" && level==0} -index 1' command is executed.
21:34:20 INFO  : FPGA configured successfully with bitstream "D:/FPGA_TUTORIALS/Image_Display_VGA/Image_Display_HDMI.sdk/design_1_wrapper_hw_platform_0/design_1_wrapper.bit"
21:34:20 INFO  : Context for 'APU' is selected.
21:34:20 INFO  : Hardware design information is loaded from 'D:/FPGA_TUTORIALS/Image_Display_VGA/Image_Display_HDMI.sdk/design_1_wrapper_hw_platform_0/system.hdf'.
21:34:20 INFO  : 'configparams force-mem-access 1' command is executed.
21:34:20 INFO  : Context for 'APU' is selected.
21:34:21 INFO  : 'ps7_init' command is executed.
21:34:21 INFO  : 'ps7_post_config' command is executed.
21:34:21 INFO  : Context for processor 'ps7_cortexa9_0' is selected.
21:34:21 INFO  : The application 'D:/FPGA_TUTORIALS/Image_Display_VGA/Image_Display_HDMI.sdk/hello/Debug/hello.elf' is downloaded to processor 'ps7_cortexa9_0'.
21:34:21 INFO  : 'configparams force-mem-access 0' command is executed.
21:34:21 INFO  : ----------------XSDB Script----------------
connect -url tcp:127.0.0.1:3121
source D:/FPGA_TUTORIALS/Image_Display_VGA/Image_Display_HDMI.sdk/design_1_wrapper_hw_platform_0/ps7_init.tcl
targets -set -nocase -filter {name =~"APU*" && jtag_cable_name =~ "Digilent Zybo 210279784792A"} -index 0
rst -system
after 3000
targets -set -filter {jtag_cable_name =~ "Digilent Zybo 210279784792A" && level==0} -index 1
fpga -file D:/FPGA_TUTORIALS/Image_Display_VGA/Image_Display_HDMI.sdk/design_1_wrapper_hw_platform_0/design_1_wrapper.bit
targets -set -nocase -filter {name =~"APU*" && jtag_cable_name =~ "Digilent Zybo 210279784792A"} -index 0
loadhw -hw D:/FPGA_TUTORIALS/Image_Display_VGA/Image_Display_HDMI.sdk/design_1_wrapper_hw_platform_0/system.hdf -mem-ranges [list {0x40000000 0xbfffffff}]
configparams force-mem-access 1
targets -set -nocase -filter {name =~"APU*" && jtag_cable_name =~ "Digilent Zybo 210279784792A"} -index 0
ps7_init
ps7_post_config
targets -set -nocase -filter {name =~ "ARM*#0" && jtag_cable_name =~ "Digilent Zybo 210279784792A"} -index 0
dow D:/FPGA_TUTORIALS/Image_Display_VGA/Image_Display_HDMI.sdk/hello/Debug/hello.elf
configparams force-mem-access 0
----------------End of Script----------------

21:34:21 INFO  : Memory regions updated for context APU
21:34:21 INFO  : Context for processor 'ps7_cortexa9_0' is selected.
21:34:21 INFO  : 'con' command is executed.
21:34:21 INFO  : ----------------XSDB Script (After Launch)----------------
targets -set -nocase -filter {name =~ "ARM*#0" && jtag_cable_name =~ "Digilent Zybo 210279784792A"} -index 0
con
----------------End of Script----------------

21:34:21 INFO  : Launch script is exported to file 'D:\FPGA_TUTORIALS\Image_Display_VGA\Image_Display_HDMI.sdk\.sdk\launch_scripts\xilinx_c-c++_application_(system_debugger)\system_debugger_on_local.tcl'
21:35:09 INFO  : Disconnected from the channel tcfchan#1.
