#-----------------------------------------------------------
# Webtalk v2018.3 (64-bit)
# SW Build 2405991 on Thu Dec  6 23:38:27 MST 2018
# 
# Start of session at: Sun May 31 17:15:16 2020
# Process ID: 13280
# Current directory: D:/FPGA_TUTORIALS/ZYBO_HDMI_IN/ZYBO_HDMI_IN.sdk/webtalk
# Command line: wbtcv.exe -mode batch -source sdk_webtalk.tcl
# Log file: D:/FPGA_TUTORIALS/ZYBO_HDMI_IN/ZYBO_HDMI_IN.sdk/webtalk/webtalk.log
# Journal file: D:/FPGA_TUTORIALS/ZYBO_HDMI_IN/ZYBO_HDMI_IN.sdk/webtalk\webtalk.jou
#-----------------------------------------------------------
source sdk_webtalk.tcl
# webtalk_init -webtalk_dir D:\\FPGA_TUTORIALS\\ZYBO_HDMI_IN\\ZYBO_HDMI_IN.sdk\\webtalk
# webtalk_register_client -client project
# webtalk_add_data -client project -key date_generated -value "2020-05-31 17:15:09" -context "software_version_and_target_device"
# webtalk_add_data -client project -key product_version -value "SDK v2018.3" -context "software_version_and_target_device"
# webtalk_add_data -client project -key build_version -value "2018.3" -context "software_version_and_target_device"
# webtalk_add_data -client project -key os_platform -value "amd64" -context "software_version_and_target_device"
# webtalk_add_data -client project -key registration_id -value "211705599_1777544838_210705448_009" -context "software_version_and_target_device"
# webtalk_add_data -client project -key tool_flow -value "SDK" -context "software_version_and_target_device"
# webtalk_add_data -client project -key beta -value "false" -context "software_version_and_target_device"
# webtalk_add_data -client project -key route_design -value "NA" -context "software_version_and_target_device"
# webtalk_add_data -client project -key target_family -value "NA" -context "software_version_and_target_device"
# webtalk_add_data -client project -key target_device -value "NA" -context "software_version_and_target_device"
# webtalk_add_data -client project -key target_package -value "NA" -context "software_version_and_target_device"
# webtalk_add_data -client project -key target_speed -value "NA" -context "software_version_and_target_device"
# webtalk_add_data -client project -key random_id -value "vjj45bjqn6gju2sbs5hmtarsmi" -context "software_version_and_target_device"
# webtalk_add_data -client project -key project_id -value "2018.3_5" -context "software_version_and_target_device"
# webtalk_add_data -client project -key project_iteration -value "5" -context "software_version_and_target_device"
# webtalk_add_data -client project -key os_name -value "Microsoft Windows 8 or later , 64-bit" -context "user_environment"
# webtalk_add_data -client project -key os_release -value "major release  (build 9200)" -context "user_environment"
# webtalk_add_data -client project -key cpu_name -value "Intel(R) Core(TM) i7-6700HQ CPU @ 2.60GHz" -context "user_environment"
# webtalk_add_data -client project -key cpu_speed -value "2592 MHz" -context "user_environment"
# webtalk_add_data -client project -key total_processors -value "1" -context "user_environment"
# webtalk_add_data -client project -key system_ram -value "16.999 GB" -context "user_environment"
# webtalk_register_client -client sdk
# webtalk_add_data -client sdk -key uid -value "1590930802195" -context "sdk\\\\hardware/1590930802195"
# webtalk_add_data -client sdk -key isZynq -value "true" -context "sdk\\\\hardware/1590930802195"
# webtalk_add_data -client sdk -key isZynqMP -value "false" -context "sdk\\\\hardware/1590930802195"
# webtalk_add_data -client sdk -key Processors -value "2" -context "sdk\\\\hardware/1590930802195"
# webtalk_add_data -client sdk -key VivadoVersion -value "2018.3" -context "sdk\\\\hardware/1590930802195"
# webtalk_add_data -client sdk -key Arch -value "zynq" -context "sdk\\\\hardware/1590930802195"
# webtalk_add_data -client sdk -key Device -value "7z010" -context "sdk\\\\hardware/1590930802195"
# webtalk_add_data -client sdk -key IsHandoff -value "true" -context "sdk\\\\hardware/1590930802195"
# webtalk_add_data -client sdk -key os -value "NA" -context "sdk\\\\hardware/1590930802195"
# webtalk_add_data -client sdk -key apptemplate -value "NA" -context "sdk\\\\hardware/1590930802195"
# webtalk_add_data -client sdk -key RecordType -value "HWCreation" -context "sdk\\\\hardware/1590930802195"
# webtalk_add_data -client sdk -key uid -value "1590930870134" -context "sdk\\\\bsp/1590930870134"
# webtalk_add_data -client sdk -key hwid -value "1590930802195" -context "sdk\\\\bsp/1590930870134"
# webtalk_add_data -client sdk -key os -value "standalone" -context "sdk\\\\bsp/1590930870134"
# webtalk_add_data -client sdk -key apptemplate -value "hello_world" -context "sdk\\\\bsp/1590930870134"
# webtalk_add_data -client sdk -key RecordType -value "BSPCreation" -context "sdk\\\\bsp/1590930870134"
# webtalk_add_data -client sdk -key uid -value "1590930912868" -context "sdk\\\\application/1590930912868"
# webtalk_add_data -client sdk -key hwid -value "1590930802195" -context "sdk\\\\application/1590930912868"
# webtalk_add_data -client sdk -key bspid -value "1590930870134" -context "sdk\\\\application/1590930912868"
# webtalk_add_data -client sdk -key newbsp -value "true" -context "sdk\\\\application/1590930912868"
# webtalk_add_data -client sdk -key os -value "standalone" -context "sdk\\\\application/1590930912868"
# webtalk_add_data -client sdk -key apptemplate -value "hello_world" -context "sdk\\\\application/1590930912868"
# webtalk_add_data -client sdk -key RecordType -value "APPCreation" -context "sdk\\\\application/1590930912868"
# webtalk_add_data -client sdk -key LangUsed -value "C" -context "sdk\\\\application/1590930912868"
# webtalk_add_data -client sdk -key Procused -value "ps7_cortexa9" -context "sdk\\\\application/1590930912868"
# webtalk_add_data -client sdk -key projSize -value "204.625" -context "sdk\\\\application/1590930912868"
# webtalk_add_data -client sdk -key uid -value "NA" -context "sdk\\\\bsp/1590938109367"
# webtalk_add_data -client sdk -key RecordType -value "ToolUsage" -context "sdk\\\\bsp/1590938109367"
# webtalk_add_data -client sdk -key BootgenCount -value "0" -context "sdk\\\\bsp/1590938109367"
# webtalk_add_data -client sdk -key DebugCount -value "0" -context "sdk\\\\bsp/1590938109367"
# webtalk_add_data -client sdk -key PerfCount -value "0" -context "sdk\\\\bsp/1590938109367"
# webtalk_add_data -client sdk -key FlashCount -value "0" -context "sdk\\\\bsp/1590938109367"
# webtalk_add_data -client sdk -key CrossTriggCount -value "0" -context "sdk\\\\bsp/1590938109367"
# webtalk_add_data -client sdk -key QemuDebugCount -value "0" -context "sdk\\\\bsp/1590938109367"
# webtalk_transmit -clientid 2203117040 -regid "211705599_1777544838_210705448_009" -xml D:\\FPGA_TUTORIALS\\ZYBO_HDMI_IN\\ZYBO_HDMI_IN.sdk\\webtalk\\usage_statistics_ext_sdk.xml -html D:\\FPGA_TUTORIALS\\ZYBO_HDMI_IN\\ZYBO_HDMI_IN.sdk\\webtalk\\usage_statistics_ext_sdk.html -wdm D:\\FPGA_TUTORIALS\\ZYBO_HDMI_IN\\ZYBO_HDMI_IN.sdk\\webtalk\\sdk_webtalk.wdm -intro "<H3>SDK Usage Report</H3><BR>"
# webtalk_terminate
INFO: [Common 17-206] Exiting Webtalk at Sun May 31 17:15:24 2020...
